<?xml version="1.0" encoding="UTF-8"?>
<!-- Generated by org.testng.reporters.JUnitXMLReporter -->
<testsuite ignored="1" hostname="TYSS-Shobha" failures="0" tests="1" name="Default test" time="15.304" errors="0" timestamp="2024-12-31T07:30:11 IST">
  <testcase classname="campaigns.CreateCampaignsTest" name="execute" time="0.015"/>
  <testcase classname="campaigns.CreateCampaignsTest" name="createCampaignsTest" time="0.0">
    <ignored/>
  </testcase> <!-- createCampaignsTest -->
</testsuite> <!-- Default test -->
