<?xml version="1.0" encoding="UTF-8"?>
<!-- Generated by org.testng.reporters.JUnitXMLReporter -->
<testsuite ignored="12" hostname="TYSS-Shobha" failures="2" tests="7" name="Test" time="178.86" errors="0" timestamp="2024-12-28T07:17:25 IST">
  <testcase classname="campaigns.CreateCampWithProductTest" name="createCampWithProductTest" time="32.002"/>
  <testcase classname="campaigns.CreateCampaignsTest" name="createCampaignsTest" time="10.664">
    <skipped/>
  </testcase> <!-- createCampaignsTest -->
  <testcase classname="campaigns.CreateCampaignsTest" name="createCampaignsTest" time="10.714">
    <skipped/>
  </testcase> <!-- createCampaignsTest -->
  <testcase classname="campaigns.CreateCampaignsTest" name="createCampaignsTest" time="10.294">
    <skipped/>
  </testcase> <!-- createCampaignsTest -->
  <testcase classname="campaigns.CreateCampaignsTest" name="createCampaignsTest" time="11.339">
    <failure type="java.lang.AssertionError" message="Im Assert Failing the Script">
      <![CDATA[java.lang.AssertionError: Im Assert Failing the Script
at campaigns.CreateCampaignsTest.createCampaignsTest(CreateCampaignsTest.java:59)
at java.base/java.util.ArrayList.forEach(ArrayList.java:1511)
... Removed 28 stack frames]]>
    </failure>
  </testcase> <!-- createCampaignsTest -->
  <testcase classname="organization.CreateOrganizationTest" name="createOrganizationTest" time="17.769"/>
  <testcase classname="product.CreateProductTest" name="createProductTest" time="16.76">
    <failure type="java.lang.AssertionError" message="null">
      <![CDATA[java.lang.AssertionError: null
at product.CreateProductTest.createProductTest(CreateProductTest.java:61)
at java.base/java.util.ArrayList.forEach(ArrayList.java:1511)
... Removed 29 stack frames]]>
    </failure>
  </testcase> <!-- createProductTest -->
  <testcase classname="Generic_Utility.BaseClass" name="@BeforeSuite Bs" time="0.0">
    <ignored/>
  </testcase> <!-- @BeforeSuite Bs -->
  <testcase classname="Generic_Utility.BaseClass" name="@BeforeSuite Bs" time="0.0">
    <ignored/>
  </testcase> <!-- @BeforeSuite Bs -->
  <testcase classname="Generic_Utility.BaseClass" name="@BeforeTest Bt" time="0.0">
    <ignored/>
  </testcase> <!-- @BeforeTest Bt -->
  <testcase classname="Generic_Utility.BaseClass" name="@AfterSuite As" time="0.0">
    <ignored/>
  </testcase> <!-- @AfterSuite As -->
  <testcase classname="Generic_Utility.BaseClass" name="@BeforeTest Bt" time="0.0">
    <ignored/>
  </testcase> <!-- @BeforeTest Bt -->
  <testcase classname="Generic_Utility.BaseClass" name="@AfterTest At" time="0.0">
    <ignored/>
  </testcase> <!-- @AfterTest At -->
  <testcase classname="Generic_Utility.BaseClass" name="@AfterSuite As" time="0.0">
    <ignored/>
  </testcase> <!-- @AfterSuite As -->
  <testcase classname="Generic_Utility.BaseClass" name="@AfterTest At" time="0.0">
    <ignored/>
  </testcase> <!-- @AfterTest At -->
  <testcase classname="Generic_Utility.BaseClass" name="@AfterTest At" time="0.0">
    <ignored/>
  </testcase> <!-- @AfterTest At -->
  <testcase classname="Generic_Utility.BaseClass" name="@BeforeSuite Bs" time="0.0">
    <ignored/>
  </testcase> <!-- @BeforeSuite Bs -->
  <testcase classname="Generic_Utility.BaseClass" name="@BeforeTest Bt" time="0.0">
    <ignored/>
  </testcase> <!-- @BeforeTest Bt -->
  <testcase classname="Generic_Utility.BaseClass" name="@AfterSuite As" time="0.0">
    <ignored/>
  </testcase> <!-- @AfterSuite As -->
</testsuite> <!-- Test -->
