<?xml version="1.0" encoding="UTF-8"?>
<testng-results ignored="0" total="1" passed="1" failed="0" skipped="0">
  <reporter-output>
  </reporter-output>
  <suite started-at="2024-12-31T07:29:56 IST" name="Default suite" finished-at="2024-12-31T07:30:11 IST" duration-ms="15304">
    <groups>
    </groups>
    <test started-at="2024-12-31T07:29:56 IST" name="Default test" finished-at="2024-12-31T07:30:11 IST" duration-ms="15304">
      <class name="campaigns.CreateCampaignsTest">
        <test-method is-config="true" signature="Bs()[pri:0, instance:campaigns.CreateCampaignsTest@645aa696]" started-at="2024-12-31T07:29:56 IST" name="Bs" finished-at="2024-12-31T07:29:56 IST" duration-ms="14" status="PASS">
          <reporter-output>
          </reporter-output>
        </test-method> <!-- Bs -->
        <test-method is-config="true" signature="Bt()[pri:0, instance:campaigns.CreateCampaignsTest@645aa696]" started-at="2024-12-31T07:29:56 IST" name="Bt" finished-at="2024-12-31T07:29:56 IST" duration-ms="1" status="PASS">
          <reporter-output>
          </reporter-output>
        </test-method> <!-- Bt -->
        <test-method is-config="true" signature="Bc()[pri:0, instance:campaigns.CreateCampaignsTest@645aa696]" started-at="2024-12-31T07:29:56 IST" name="Bc" finished-at="2024-12-31T07:29:58 IST" duration-ms="2300" status="PASS">
          <reporter-output>
          </reporter-output>
        </test-method> <!-- Bc -->
        <test-method is-config="true" signature="Bm()[pri:0, instance:campaigns.CreateCampaignsTest@645aa696]" started-at="2024-12-31T07:29:58 IST" name="Bm" finished-at="2024-12-31T07:30:04 IST" duration-ms="6171" status="PASS">
          <reporter-output>
          </reporter-output>
        </test-method> <!-- Bm -->
        <test-method signature="execute()[pri:0, instance:campaigns.CreateCampaignsTest@645aa696]" started-at="2024-12-31T07:30:04 IST" name="execute" finished-at="2024-12-31T07:30:04 IST" duration-ms="15" status="PASS">
          <reporter-output>
          </reporter-output>
        </test-method> <!-- execute -->
        <test-method is-config="true" signature="Am()[pri:0, instance:campaigns.CreateCampaignsTest@645aa696]" started-at="2024-12-31T07:30:04 IST" name="Am" finished-at="2024-12-31T07:30:11 IST" duration-ms="6344" status="PASS">
          <reporter-output>
          </reporter-output>
        </test-method> <!-- Am -->
        <test-method is-config="true" signature="Ac()[pri:0, instance:campaigns.CreateCampaignsTest@645aa696]" started-at="2024-12-31T07:30:11 IST" name="Ac" finished-at="2024-12-31T07:30:11 IST" duration-ms="401" status="PASS">
          <reporter-output>
          </reporter-output>
        </test-method> <!-- Ac -->
        <test-method is-config="true" signature="At()[pri:0, instance:campaigns.CreateCampaignsTest@645aa696]" started-at="2024-12-31T07:30:11 IST" name="At" finished-at="2024-12-31T07:30:11 IST" duration-ms="0" status="PASS">
          <reporter-output>
          </reporter-output>
        </test-method> <!-- At -->
        <test-method is-config="true" signature="As()[pri:0, instance:campaigns.CreateCampaignsTest@645aa696]" started-at="2024-12-31T07:30:11 IST" name="As" finished-at="2024-12-31T07:30:11 IST" duration-ms="2" status="PASS">
          <reporter-output>
          </reporter-output>
        </test-method> <!-- As -->
      </class> <!-- campaigns.CreateCampaignsTest -->
    </test> <!-- Default test -->
  </suite> <!-- Default suite -->
</testng-results>
